{"level":"info","message":"::1 - - [27/Oct/2021:11:57:26 +0000] \"GET /peliculas HTTP/1.1\" 200 21405 \"-\" \"Mozilla/5.0 (Windows NT 10.0; Win64; x64) AppleWebKit/537.36 (KHTML, like Gecko) Chrome/95.0.4638.54 Safari/537.36\"\n","timestamp":"2021-10-27T11:57:26.506Z"}
{"level":"info","message":"::1 - - [27/Oct/2021:11:57:26 +0000] \"GET /favicon.ico HTTP/1.1\" 404 150 \"http://localhost:3000/peliculas\" \"Mozilla/5.0 (Windows NT 10.0; Win64; x64) AppleWebKit/537.36 (KHTML, like Gecko) Chrome/95.0.4638.54 Safari/537.36\"\n","timestamp":"2021-10-27T11:57:26.558Z"}
{"level":"info","message":"::1 - - [27/Oct/2021:14:22:12 +0000] \"GET /peliculas HTTP/1.1\" 200 21986 \"-\" \"PostmanRuntime/7.28.4\"\n","timestamp":"2021-10-27T14:22:12.709Z"}
{"level":"info","message":"::1 - - [27/Oct/2021:14:30:11 +0000] \"GET /peliculas HTTP/1.1\" 200 21986 \"-\" \"PostmanRuntime/7.28.4\"\n","timestamp":"2021-10-27T14:30:11.720Z"}
{"level":"info","message":"::1 - - [27/Oct/2021:14:50:59 +0000] \"GET /peliculas/Valencia HTTP/1.1\" 200 7683 \"-\" \"PostmanRuntime/7.28.4\"\n","timestamp":"2021-10-27T14:50:59.583Z"}
{"level":"info","message":"::1 - - [27/Oct/2021:14:53:25 +0000] \"GET /peliculas/Getafe HTTP/1.1\" 200 6707 \"-\" \"PostmanRuntime/7.28.4\"\n","timestamp":"2021-10-27T14:53:25.849Z"}
{"level":"info","message":"::1 - - [27/Oct/2021:14:57:42 +0000] \"GET /peliculas/Getafe/true HTTP/1.1\" 404 160 \"-\" \"PostmanRuntime/7.28.4\"\n","timestamp":"2021-10-27T14:57:42.481Z"}
{"level":"info","message":"::1 - - [27/Oct/2021:14:59:22 +0000] \"GET /peliculas/Getafe/true HTTP/1.1\" 500 67 \"-\" \"PostmanRuntime/7.28.4\"\n","timestamp":"2021-10-27T14:59:22.017Z"}
{"level":"info","message":"::1 - - [27/Oct/2021:15:00:01 +0000] \"GET /peliculas/Getafe/true HTTP/1.1\" 200 3354 \"-\" \"PostmanRuntime/7.28.4\"\n","timestamp":"2021-10-27T15:00:01.225Z"}
{"level":"info","message":"::1 - - [27/Oct/2021:15:00:17 +0000] \"GET /peliculas/Getafe/false HTTP/1.1\" 200 3354 \"-\" \"PostmanRuntime/7.28.4\"\n","timestamp":"2021-10-27T15:00:17.267Z"}
{"level":"info","message":"::1 - - [27/Oct/2021:15:00:25 +0000] \"GET /peliculas/Getafe/true HTTP/1.1\" 200 3354 \"-\" \"PostmanRuntime/7.28.4\"\n","timestamp":"2021-10-27T15:00:25.798Z"}
{"level":"info","message":"::1 - - [27/Oct/2021:15:01:12 +0000] \"GET /peliculas/Getafe/true HTTP/1.1\" 200 3354 \"-\" \"PostmanRuntime/7.28.4\"\n","timestamp":"2021-10-27T15:01:12.968Z"}
{"level":"info","message":"::1 - - [27/Oct/2021:15:02:14 +0000] \"GET /peliculas/Getafe/ HTTP/1.1\" 200 6707 \"-\" \"PostmanRuntime/7.28.4\"\n","timestamp":"2021-10-27T15:02:14.726Z"}
{"level":"info","message":"::1 - - [27/Oct/2021:15:02:24 +0000] \"GET /peliculas/Getafe/true HTTP/1.1\" 200 3354 \"-\" \"PostmanRuntime/7.28.4\"\n","timestamp":"2021-10-27T15:02:24.052Z"}
{"level":"info","message":"::1 - - [27/Oct/2021:15:02:31 +0000] \"GET /peliculas/Getafe/1 HTTP/1.1\" 200 3354 \"-\" \"PostmanRuntime/7.28.4\"\n","timestamp":"2021-10-27T15:02:31.059Z"}
{"level":"info","message":"::1 - - [27/Oct/2021:15:02:41 +0000] \"GET /peliculas/Getafe/0 HTTP/1.1\" 200 3354 \"-\" \"PostmanRuntime/7.28.4\"\n","timestamp":"2021-10-27T15:02:41.834Z"}
{"level":"info","message":"::1 - - [27/Oct/2021:15:02:45 +0000] \"GET /peliculas/Getafe/1 HTTP/1.1\" 200 3354 \"-\" \"PostmanRuntime/7.28.4\"\n","timestamp":"2021-10-27T15:02:45.686Z"}
{"level":"info","message":"::1 - - [27/Oct/2021:15:03:49 +0000] \"GET /peliculas/Getafe/0 HTTP/1.1\" 200 3354 \"-\" \"PostmanRuntime/7.28.4\"\n","timestamp":"2021-10-27T15:03:49.568Z"}
{"level":"info","message":"::1 - - [27/Oct/2021:15:19:18 +0000] \"GET /peliculas/ HTTP/1.1\" 200 22233 \"-\" \"PostmanRuntime/7.28.4\"\n","timestamp":"2021-10-27T15:19:18.661Z"}
{"level":"info","message":"::1 - - [27/Oct/2021:15:19:23 +0000] \"GET /peliculas/ HTTP/1.1\" 200 22233 \"-\" \"PostmanRuntime/7.28.4\"\n","timestamp":"2021-10-27T15:19:23.613Z"}
{"level":"info","message":"::1 - - [27/Oct/2021:15:19:29 +0000] \"GET /peliculas/5 HTTP/1.1\" 404 49 \"-\" \"PostmanRuntime/7.28.4\"\n","timestamp":"2021-10-27T15:19:29.732Z"}
{"level":"info","message":"::1 - - [27/Oct/2021:15:19:36 +0000] \"GET /peliculas/105 HTTP/1.1\" 200 232 \"-\" \"PostmanRuntime/7.28.4\"\n","timestamp":"2021-10-27T15:19:36.464Z"}
{"level":"info","message":"::1 - - [27/Oct/2021:15:24:06 +0000] \"GET /peliculas/ HTTP/1.1\" 200 22233 \"-\" \"PostmanRuntime/7.28.4\"\n","timestamp":"2021-10-27T15:24:06.449Z"}
{"level":"info","message":"::1 - - [27/Oct/2021:15:24:16 +0000] \"GET /peliculas/Comedy HTTP/1.1\" 404 54 \"-\" \"PostmanRuntime/7.28.4\"\n","timestamp":"2021-10-27T15:24:16.077Z"}
{"level":"info","message":"::1 - - [27/Oct/2021:15:25:52 +0000] \"GET /peliculas/ciudad/Getafe HTTP/1.1\" 200 6707 \"-\" \"PostmanRuntime/7.28.4\"\n","timestamp":"2021-10-27T15:25:52.159Z"}
{"level":"info","message":"::1 - - [27/Oct/2021:15:26:09 +0000] \"GET /peliculas/ciudad/Getafe/alquilada/1 HTTP/1.1\" 200 3354 \"-\" \"PostmanRuntime/7.28.4\"\n","timestamp":"2021-10-27T15:26:09.429Z"}
{"level":"info","message":"::1 - - [27/Oct/2021:15:26:12 +0000] \"GET /peliculas/ciudad/Getafe/alquilada/0 HTTP/1.1\" 200 3354 \"-\" \"PostmanRuntime/7.28.4\"\n","timestamp":"2021-10-27T15:26:12.839Z"}
{"level":"info","message":"::1 - - [27/Oct/2021:15:26:14 +0000] \"GET /peliculas/ciudad/Getafe/alquilada/0 HTTP/1.1\" 200 3354 \"-\" \"PostmanRuntime/7.28.4\"\n","timestamp":"2021-10-27T15:26:14.569Z"}
{"level":"info","message":"::1 - - [27/Oct/2021:15:26:24 +0000] \"GET /peliculas/ciudad/Getafe/alquilada/1 HTTP/1.1\" 200 3354 \"-\" \"PostmanRuntime/7.28.4\"\n","timestamp":"2021-10-27T15:26:24.557Z"}
{"level":"info","message":"::1 - - [27/Oct/2021:15:26:31 +0000] \"GET /peliculas/ciudad/Getafe/alquilada/0 HTTP/1.1\" 200 3354 \"-\" \"PostmanRuntime/7.28.4\"\n","timestamp":"2021-10-27T15:26:31.258Z"}
{"level":"info","message":"::1 - - [27/Oct/2021:15:27:54 +0000] \"GET /peliculas/Comedy HTTP/1.1\" 404 54 \"-\" \"PostmanRuntime/7.28.4\"\n","timestamp":"2021-10-27T15:27:54.308Z"}
{"level":"info","message":"::1 - - [27/Oct/2021:15:28:03 +0000] \"GET /peliculas/genero/Comedy HTTP/1.1\" 200 1268 \"-\" \"PostmanRuntime/7.28.4\"\n","timestamp":"2021-10-27T15:28:03.430Z"}
{"level":"info","message":"::1 - - [27/Oct/2021:15:28:12 +0000] \"GET /peliculas/ HTTP/1.1\" 200 22233 \"-\" \"PostmanRuntime/7.28.4\"\n","timestamp":"2021-10-27T15:28:12.677Z"}
{"level":"info","message":"::1 - - [27/Oct/2021:15:28:23 +0000] \"GET /peliculas/genero/Horror HTTP/1.1\" 200 1045 \"-\" \"PostmanRuntime/7.28.4\"\n","timestamp":"2021-10-27T15:28:23.119Z"}
{"level":"info","message":"::1 - - [27/Oct/2021:15:28:53 +0000] \"GET /peliculas/ciudad/Getafe/alquilada/0 HTTP/1.1\" 200 3354 \"-\" \"PostmanRuntime/7.28.4\"\n","timestamp":"2021-10-27T15:28:53.901Z"}
{"level":"info","message":"::1 - - [27/Oct/2021:15:31:33 +0000] \"GET /peliculas/ HTTP/1.1\" 200 22233 \"-\" \"PostmanRuntime/7.28.4\"\n","timestamp":"2021-10-27T15:31:33.584Z"}
{"level":"info","message":"::1 - - [27/Oct/2021:15:31:43 +0000] \"GET /peliculas/actor_principal/Renate%20Brinsden HTTP/1.1\" 500 79 \"-\" \"PostmanRuntime/7.28.4\"\n","timestamp":"2021-10-27T15:31:43.831Z"}
{"level":"info","message":"::1 - - [27/Oct/2021:15:32:05 +0000] \"GET /peliculas/actor_principal/Renate%20Brinsden HTTP/1.1\" 200 198 \"-\" \"PostmanRuntime/7.28.4\"\n","timestamp":"2021-10-27T15:32:05.147Z"}
{"level":"info","message":"::1 - - [27/Oct/2021:15:50:52 +0000] \"POST /usuarios/registro HTTP/1.1\" 500 1689 \"-\" \"PostmanRuntime/7.28.4\"\n","timestamp":"2021-10-27T15:50:52.790Z"}
{"level":"info","message":"::1 - - [27/Oct/2021:15:52:03 +0000] \"POST /usuarios/registro HTTP/1.1\" 500 1689 \"-\" \"PostmanRuntime/7.28.4\"\n","timestamp":"2021-10-27T15:52:03.582Z"}
{"level":"info","message":"::1 - - [27/Oct/2021:15:52:52 +0000] \"POST /usuarios/registro HTTP/1.1\" 500 1713 \"-\" \"PostmanRuntime/7.28.4\"\n","timestamp":"2021-10-27T15:52:52.898Z"}
{"level":"info","message":"::1 - - [27/Oct/2021:15:53:07 +0000] \"POST /usuarios/registro HTTP/1.1\" 500 1713 \"-\" \"PostmanRuntime/7.28.4\"\n","timestamp":"2021-10-27T15:53:07.153Z"}
{"level":"info","message":"::1 - - [27/Oct/2021:15:53:42 +0000] \"POST /usuarios/registro HTTP/1.1\" 500 1713 \"-\" \"PostmanRuntime/7.28.4\"\n","timestamp":"2021-10-27T15:53:42.801Z"}
{"level":"info","message":"::1 - - [27/Oct/2021:15:54:44 +0000] \"POST /usuarios/registro HTTP/1.1\" 500 1689 \"-\" \"PostmanRuntime/7.28.4\"\n","timestamp":"2021-10-27T15:54:44.553Z"}
{"level":"info","message":"::1 - - [27/Oct/2021:15:56:37 +0000] \"POST /usuarios/registro HTTP/1.1\" 500 1689 \"-\" \"PostmanRuntime/7.28.4\"\n","timestamp":"2021-10-27T15:56:37.734Z"}
{"level":"info","message":"::1 - - [27/Oct/2021:15:56:42 +0000] \"POST /usuarios/registro HTTP/1.1\" 500 1713 \"-\" \"PostmanRuntime/7.28.4\"\n","timestamp":"2021-10-27T15:56:42.846Z"}
{"level":"info","message":"::1 - - [27/Oct/2021:15:57:29 +0000] \"POST /usuarios/registro HTTP/1.1\" 200 62 \"-\" \"PostmanRuntime/7.28.4\"\n","timestamp":"2021-10-27T15:57:29.698Z"}
{"level":"info","message":"::1 - - [27/Oct/2021:15:58:10 +0000] \"POST /usuarios/registro HTTP/1.1\" 500 1713 \"-\" \"PostmanRuntime/7.28.4\"\n","timestamp":"2021-10-27T15:58:10.372Z"}
{"level":"info","message":"::1 - - [27/Oct/2021:15:59:12 +0000] \"POST /usuarios/registro HTTP/1.1\" 500 1095 \"-\" \"PostmanRuntime/7.28.4\"\n","timestamp":"2021-10-27T15:59:12.794Z"}
{"level":"info","message":"::1 - - [27/Oct/2021:16:00:28 +0000] \"POST /usuarios/registro HTTP/1.1\" 200 649 \"-\" \"PostmanRuntime/7.28.4\"\n","timestamp":"2021-10-27T16:00:28.776Z"}
{"level":"info","message":"::1 - - [27/Oct/2021:16:09:40 +0000] \"POST /usuarios/login HTTP/1.1\" 200 649 \"-\" \"PostmanRuntime/7.28.4\"\n","timestamp":"2021-10-27T16:09:40.526Z"}
{"level":"info","message":"::1 - - [27/Oct/2021:16:13:56 +0000] \"POST /usuarios/login HTTP/1.1\" 200 649 \"-\" \"PostmanRuntime/7.28.4\"\n","timestamp":"2021-10-27T16:13:56.519Z"}
{"level":"info","message":"::1 - - [27/Oct/2021:16:25:34 +0000] \"POST /usuarios/login HTTP/1.1\" 200 646 \"-\" \"PostmanRuntime/7.28.4\"\n","timestamp":"2021-10-27T16:25:34.002Z"}
{"level":"info","message":"::1 - - [27/Oct/2021:16:32:31 +0000] \"POST /usuarios/login HTTP/1.1\" 200 665 \"-\" \"PostmanRuntime/7.28.4\"\n","timestamp":"2021-10-27T16:32:31.229Z"}
{"level":"info","message":"::1 - - [27/Oct/2021:16:38:18 +0000] \"GET /usuarios HTTP/1.1\" 200 21859 \"-\" \"PostmanRuntime/7.28.4\"\n","timestamp":"2021-10-27T16:38:18.709Z"}
{"level":"info","message":"::1 - - [27/Oct/2021:16:39:22 +0000] \"POST /usuarios/login HTTP/1.1\" 200 672 \"-\" \"PostmanRuntime/7.28.4\"\n","timestamp":"2021-10-27T16:39:22.805Z"}
